<?xml version="1.0" encoding="utf-8"?><testsuites name="pytest tests"><testsuite name="pytest" errors="0" failures="0" skipped="0" tests="6" time="0.632" timestamp="2026-05-02T09:20:25.843712+00:00" hostname="runnervmeorf1"><testcase classname="tests.test_auth" name="test_login_page" time="0.033" /><testcase classname="tests.test_auth" name="test_register_page" time="0.011" /><testcase classname="tests.test_auth" name="test_auth_flow" time="0.173" /><testcase classname="tests.test_health" name="test_health" time="0.013" /><testcase classname="tests.test_search" name="test_search" time="0.170" /><testcase classname="tests.test_studylog" name="test_studylog_crud" time="0.178" /></testsuite></testsuites>